\BOOKMARK [1][-]{section.1}{Abstract}{}% 1
\BOOKMARK [1][-]{section.2}{Individual contributions}{}% 2
\BOOKMARK [1][-]{section.3}{Introduction and Motivations}{}% 3
\BOOKMARK [2][-]{subsection.3.1}{Idea and Motivation}{section.3}% 4
\BOOKMARK [1][-]{section.4}{Description of the Model}{}% 5
\BOOKMARK [2][-]{subsection.4.1}{The classical gravity model}{section.4}% 6
\BOOKMARK [2][-]{subsection.4.2}{The development of the gravity model}{section.4}% 7
\BOOKMARK [2][-]{subsection.4.3}{Comment on the distance in the gravity model}{section.4}% 8
\BOOKMARK [2][-]{subsection.4.4}{The Data approach}{section.4}% 9
\BOOKMARK [1][-]{section.5}{Implementation}{}% 10
\BOOKMARK [2][-]{subsection.5.1}{Network flow-function}{section.5}% 11
\BOOKMARK [2][-]{subsection.5.2}{Visualization}{section.5}% 12
\BOOKMARK [2][-]{subsection.5.3}{Investigation-function}{section.5}% 13
\BOOKMARK [1][-]{section.6}{Simulation Results and Discussion}{}% 14
\BOOKMARK [2][-]{subsection.6.1}{General Network Parameters}{section.6}% 15
\BOOKMARK [2][-]{subsection.6.2}{Network flow}{section.6}% 16
\BOOKMARK [2][-]{subsection.6.3}{Resilience}{section.6}% 17
\BOOKMARK [2][-]{subsection.6.4}{Capacity}{section.6}% 18
\BOOKMARK [1][-]{section.7}{Summary and Outlook}{}% 19
\BOOKMARK [1][-]{section.8}{References}{}% 20
\BOOKMARK [1][-]{section.9}{Appendix}{}% 21
\BOOKMARK [2][-]{subsection.9.1}{Seat critical trains}{section.9}% 22
\BOOKMARK [2][-]{subsection.9.2}{Answers from Nadine Ruch from SBB}{section.9}% 23
\BOOKMARK [2][-]{subsection.9.3}{mail boarding/deboarding}{section.9}% 24
