This is pdfTeX, Version 3.14159265-2.6-1.40.15 (TeX Live 2014) (preloaded format=pdflatex 2014.6.24)  12 DEC 2014 23:24
entering extended mode
 restricted \write18 enabled.
 file:line:error style messages enabled.
 %&-line parsing enabled.
**reportTemplate.tex
(./reportTemplate.tex
LaTeX2e <2014/05/01>
Babel <3.9k> and hyphenation patterns for 78 languages loaded.
(/usr/local/texlive/2014/texmf-dist/tex/latex/base/article.cls
Document Class: article 2007/10/19 v1.4h Standard LaTeX document class
(/usr/local/texlive/2014/texmf-dist/tex/latex/base/size11.clo
File: size11.clo 2007/10/19 v1.4h Standard LaTeX file (size option)
)
\c@part=\count79
\c@section=\count80
\c@subsection=\count81
\c@subsubsection=\count82
\c@paragraph=\count83
\c@subparagraph=\count84
\c@figure=\count85
\c@table=\count86
\abovecaptionskip=\skip41
\belowcaptionskip=\skip42
\bibindent=\dimen102
)
(/usr/local/texlive/2014/texmf-dist/tex/latex/geometry/geometry.sty
Package: geometry 2010/09/12 v5.6 Page Geometry

(/usr/local/texlive/2014/texmf-dist/tex/latex/graphics/keyval.sty
Package: keyval 2014/05/08 v1.15 key=value parser (DPC)
\KV@toks@=\toks14
)
(/usr/local/texlive/2014/texmf-dist/tex/generic/oberdiek/ifpdf.sty
Package: ifpdf 2011/01/30 v2.3 Provides the ifpdf switch (HO)
Package ifpdf Info: pdfTeX in PDF mode is detected.
)
(/usr/local/texlive/2014/texmf-dist/tex/generic/oberdiek/ifvtex.sty
Package: ifvtex 2010/03/01 v1.5 Detect VTeX and its facilities (HO)
Package ifvtex Info: VTeX not detected.
)
(/usr/local/texlive/2014/texmf-dist/tex/generic/ifxetex/ifxetex.sty
Package: ifxetex 2010/09/12 v0.6 Provides ifxetex conditional
)
\Gm@cnth=\count87
\Gm@cntv=\count88
\c@Gm@tempcnt=\count89
\Gm@bindingoffset=\dimen103
\Gm@wd@mp=\dimen104
\Gm@odd@mp=\dimen105
\Gm@even@mp=\dimen106
\Gm@layoutwidth=\dimen107
\Gm@layoutheight=\dimen108
\Gm@layouthoffset=\dimen109
\Gm@layoutvoffset=\dimen110
\Gm@dimlist=\toks15
)
(/usr/local/texlive/2014/texmf-dist/tex/latex/graphics/graphicx.sty
Package: graphicx 2014/04/25 v1.0g Enhanced LaTeX Graphics (DPC,SPQR)

(/usr/local/texlive/2014/texmf-dist/tex/latex/graphics/graphics.sty
Package: graphics 2009/02/05 v1.0o Standard LaTeX Graphics (DPC,SPQR)

(/usr/local/texlive/2014/texmf-dist/tex/latex/graphics/trig.sty
Package: trig 1999/03/16 v1.09 sin cos tan (DPC)
)
(/usr/local/texlive/2014/texmf-dist/tex/latex/latexconfig/graphics.cfg
File: graphics.cfg 2010/04/23 v1.9 graphics configuration of TeX Live
)
Package graphics Info: Driver file: pdftex.def on input line 91.

(/usr/local/texlive/2014/texmf-dist/tex/latex/pdftex-def/pdftex.def
File: pdftex.def 2011/05/27 v0.06d Graphics/color for pdfTeX

(/usr/local/texlive/2014/texmf-dist/tex/generic/oberdiek/infwarerr.sty
Package: infwarerr 2010/04/08 v1.3 Providing info/warning/error messages (HO)
)
(/usr/local/texlive/2014/texmf-dist/tex/generic/oberdiek/ltxcmds.sty
Package: ltxcmds 2011/11/09 v1.22 LaTeX kernel commands for general use (HO)
)
\Gread@gobject=\count90
))
\Gin@req@height=\dimen111
\Gin@req@width=\dimen112
)
(/usr/local/texlive/2014/texmf-dist/tex/latex/amsfonts/amssymb.sty
Package: amssymb 2013/01/14 v3.01 AMS font symbols

(/usr/local/texlive/2014/texmf-dist/tex/latex/amsfonts/amsfonts.sty
Package: amsfonts 2013/01/14 v3.01 Basic AMSFonts support
\@emptytoks=\toks16
\symAMSa=\mathgroup4
\symAMSb=\mathgroup5
LaTeX Font Info:    Overwriting math alphabet `\mathfrak' in version `bold'
(Font)                  U/euf/m/n --> U/euf/b/n on input line 106.
))
(/usr/local/texlive/2014/texmf-dist/tex/latex/oberdiek/epstopdf.sty
Package: epstopdf 2010/02/09 v2.5 Conversion with epstopdf on the fly (HO)

(/usr/local/texlive/2014/texmf-dist/tex/latex/oberdiek/epstopdf-base.sty
Package: epstopdf-base 2010/02/09 v2.5 Base part for package epstopdf

(/usr/local/texlive/2014/texmf-dist/tex/latex/oberdiek/grfext.sty
Package: grfext 2010/08/19 v1.1 Manage graphics extensions (HO)

(/usr/local/texlive/2014/texmf-dist/tex/generic/oberdiek/kvdefinekeys.sty
Package: kvdefinekeys 2011/04/07 v1.3 Define keys (HO)
))
(/usr/local/texlive/2014/texmf-dist/tex/latex/oberdiek/kvoptions.sty
Package: kvoptions 2011/06/30 v3.11 Key value format for package options (HO)

(/usr/local/texlive/2014/texmf-dist/tex/generic/oberdiek/kvsetkeys.sty
Package: kvsetkeys 2012/04/25 v1.16 Key value parser (HO)

(/usr/local/texlive/2014/texmf-dist/tex/generic/oberdiek/etexcmds.sty
Package: etexcmds 2011/02/16 v1.5 Avoid name clashes with e-TeX commands (HO)

(/usr/local/texlive/2014/texmf-dist/tex/generic/oberdiek/ifluatex.sty
Package: ifluatex 2010/03/01 v1.3 Provides the ifluatex switch (HO)
Package ifluatex Info: LuaTeX not detected.
)
Package etexcmds Info: Could not find \expanded.
(etexcmds)             That can mean that you are not using pdfTeX 1.50 or
(etexcmds)             that some package has redefined \expanded.
(etexcmds)             In the latter case, load this package earlier.
)))
(/usr/local/texlive/2014/texmf-dist/tex/generic/oberdiek/pdftexcmds.sty
Package: pdftexcmds 2011/11/29 v0.20 Utility functions of pdfTeX for LuaTeX (HO
)
Package pdftexcmds Info: LuaTeX not detected.
Package pdftexcmds Info: \pdf@primitive is available.
Package pdftexcmds Info: \pdf@ifprimitive is available.
Package pdftexcmds Info: \pdfdraftmode found.
)
Package grfext Info: Graphics extension search list:
(grfext)             [.png,.pdf,.jpg,.mps,.jpeg,.jbig2,.jb2,.PNG,.PDF,.JPG,.JPE
G,.JBIG2,.JB2,.eps]
(grfext)             \AppendGraphicsExtensions on input line 452.

(/usr/local/texlive/2014/texmf-dist/tex/latex/latexconfig/epstopdf-sys.cfg
File: epstopdf-sys.cfg 2010/07/13 v1.3 Configuration of (r)epstopdf for TeX Liv
e
)))
(/usr/local/texlive/2014/texmf-dist/tex/latex/natbib/natbib.sty
Package: natbib 2010/09/13 8.31b (PWD, AO)
\bibhang=\skip43
\bibsep=\skip44
LaTeX Info: Redefining \cite on input line 694.
\c@NAT@ctr=\count91
)
(/usr/local/texlive/2014/texmf-dist/tex/latex/amsmath/amsmath.sty
Package: amsmath 2013/01/14 v2.14 AMS math features
\@mathmargin=\skip45

For additional information on amsmath, use the `?' option.
(/usr/local/texlive/2014/texmf-dist/tex/latex/amsmath/amstext.sty
Package: amstext 2000/06/29 v2.01

(/usr/local/texlive/2014/texmf-dist/tex/latex/amsmath/amsgen.sty
File: amsgen.sty 1999/11/30 v2.0
\@emptytoks=\toks17
\ex@=\dimen113
))
(/usr/local/texlive/2014/texmf-dist/tex/latex/amsmath/amsbsy.sty
Package: amsbsy 1999/11/29 v1.2d
\pmbraise@=\dimen114
)
(/usr/local/texlive/2014/texmf-dist/tex/latex/amsmath/amsopn.sty
Package: amsopn 1999/12/14 v2.01 operator names
)
\inf@bad=\count92
LaTeX Info: Redefining \frac on input line 210.
\uproot@=\count93
\leftroot@=\count94
LaTeX Info: Redefining \overline on input line 306.
\classnum@=\count95
\DOTSCASE@=\count96
LaTeX Info: Redefining \ldots on input line 378.
LaTeX Info: Redefining \dots on input line 381.
LaTeX Info: Redefining \cdots on input line 466.
\Mathstrutbox@=\box26
\strutbox@=\box27
\big@size=\dimen115
LaTeX Font Info:    Redeclaring font encoding OML on input line 566.
LaTeX Font Info:    Redeclaring font encoding OMS on input line 567.
\macc@depth=\count97
\c@MaxMatrixCols=\count98
\dotsspace@=\muskip10
\c@parentequation=\count99
\dspbrk@lvl=\count100
\tag@help=\toks18
\row@=\count101
\column@=\count102
\maxfields@=\count103
\andhelp@=\toks19
\eqnshift@=\dimen116
\alignsep@=\dimen117
\tagshift@=\dimen118
\tagwidth@=\dimen119
\totwidth@=\dimen120
\lineht@=\dimen121
\@envbody=\toks20
\multlinegap=\skip46
\multlinetaggap=\skip47
\mathdisplay@stack=\toks21
LaTeX Info: Redefining \[ on input line 2665.
LaTeX Info: Redefining \] on input line 2666.
)
(/usr/local/texlive/2014/texmf-dist/tex/latex/hyperref/hyperref.sty
Package: hyperref 2012/11/06 v6.83m Hypertext links for LaTeX

(/usr/local/texlive/2014/texmf-dist/tex/generic/oberdiek/hobsub-hyperref.sty
Package: hobsub-hyperref 2012/05/28 v1.13 Bundle oberdiek, subset hyperref (HO)


(/usr/local/texlive/2014/texmf-dist/tex/generic/oberdiek/hobsub-generic.sty
Package: hobsub-generic 2012/05/28 v1.13 Bundle oberdiek, subset generic (HO)
Package: hobsub 2012/05/28 v1.13 Construct package bundles (HO)
Package hobsub Info: Skipping package `infwarerr' (already loaded).
Package hobsub Info: Skipping package `ltxcmds' (already loaded).
Package hobsub Info: Skipping package `ifluatex' (already loaded).
Package hobsub Info: Skipping package `ifvtex' (already loaded).
Package: intcalc 2007/09/27 v1.1 Expandable calculations with integers (HO)
Package hobsub Info: Skipping package `ifpdf' (already loaded).
Package hobsub Info: Skipping package `etexcmds' (already loaded).
Package hobsub Info: Skipping package `kvsetkeys' (already loaded).
Package hobsub Info: Skipping package `kvdefinekeys' (already loaded).
Package hobsub Info: Skipping package `pdftexcmds' (already loaded).
Package: pdfescape 2011/11/25 v1.13 Implements pdfTeX's escape features (HO)
Package: bigintcalc 2012/04/08 v1.3 Expandable calculations on big integers (HO
)
Package: bitset 2011/01/30 v1.1 Handle bit-vector datatype (HO)
Package: uniquecounter 2011/01/30 v1.2 Provide unlimited unique counter (HO)
)
Package hobsub Info: Skipping package `hobsub' (already loaded).
Package: letltxmacro 2010/09/02 v1.4 Let assignment for LaTeX macros (HO)
Package: hopatch 2012/05/28 v1.2 Wrapper for package hooks (HO)
Package: xcolor-patch 2011/01/30 xcolor patch
Package: atveryend 2011/06/30 v1.8 Hooks at the very end of document (HO)
Package atveryend Info: \enddocument detected (standard20110627).
Package: atbegshi 2011/10/05 v1.16 At begin shipout hook (HO)
Package: refcount 2011/10/16 v3.4 Data extraction from label references (HO)
Package: hycolor 2011/01/30 v1.7 Color options for hyperref/bookmark (HO)
)
(/usr/local/texlive/2014/texmf-dist/tex/latex/oberdiek/auxhook.sty
Package: auxhook 2011/03/04 v1.3 Hooks for auxiliary files (HO)
)
\@linkdim=\dimen122
\Hy@linkcounter=\count104
\Hy@pagecounter=\count105

(/usr/local/texlive/2014/texmf-dist/tex/latex/hyperref/pd1enc.def
File: pd1enc.def 2012/11/06 v6.83m Hyperref: PDFDocEncoding definition (HO)
)
\Hy@SavedSpaceFactor=\count106

(/usr/local/texlive/2014/texmf-dist/tex/latex/latexconfig/hyperref.cfg
File: hyperref.cfg 2002/06/06 v1.2 hyperref configuration of TeXLive
)
Package hyperref Info: Hyper figures OFF on input line 4443.
Package hyperref Info: Link nesting OFF on input line 4448.
Package hyperref Info: Hyper index ON on input line 4451.
Package hyperref Info: Plain pages OFF on input line 4458.
Package hyperref Info: Backreferencing OFF on input line 4463.
Package hyperref Info: Implicit mode ON; LaTeX internals redefined.
Package hyperref Info: Bookmarks ON on input line 4688.
\c@Hy@tempcnt=\count107

(/usr/local/texlive/2014/texmf-dist/tex/latex/url/url.sty
\Urlmuskip=\muskip11
Package: url 2013/09/16  ver 3.4  Verb mode for urls, etc.
)
LaTeX Info: Redefining \url on input line 5041.
\XeTeXLinkMargin=\dimen123
\Fld@menulength=\count108
\Field@Width=\dimen124
\Fld@charsize=\dimen125
Package hyperref Info: Hyper figures OFF on input line 6295.
Package hyperref Info: Link nesting OFF on input line 6300.
Package hyperref Info: Hyper index ON on input line 6303.
Package hyperref Info: backreferencing OFF on input line 6310.
Package hyperref Info: Link coloring OFF on input line 6315.
Package hyperref Info: Link coloring with OCG OFF on input line 6320.
Package hyperref Info: PDF/A mode OFF on input line 6325.
LaTeX Info: Redefining \ref on input line 6365.
LaTeX Info: Redefining \pageref on input line 6369.
\Hy@abspage=\count109
\c@Item=\count110
\c@Hfootnote=\count111
)

Package hyperref Message: Driver (autodetected): hpdftex.

(/usr/local/texlive/2014/texmf-dist/tex/latex/hyperref/hpdftex.def
File: hpdftex.def 2012/11/06 v6.83m Hyperref driver for pdfTeX
\Fld@listcount=\count112
\c@bookmark@seq@number=\count113

(/usr/local/texlive/2014/texmf-dist/tex/latex/oberdiek/rerunfilecheck.sty
Package: rerunfilecheck 2011/04/15 v1.7 Rerun checks for auxiliary files (HO)
Package uniquecounter Info: New unique counter `rerunfilecheck' on input line 2
82.
)
\Hy@SectionHShift=\skip48
)
(/usr/local/texlive/2014/texmf-dist/tex/latex/pdfpages/pdfpages.sty
Package: pdfpages 2013/08/25 v0.4v Insert pages of external PDF documents (AM)

(/usr/local/texlive/2014/texmf-dist/tex/latex/base/ifthen.sty
Package: ifthen 2001/05/26 v1.1c Standard LaTeX ifthen package (DPC)
)
(/usr/local/texlive/2014/texmf-dist/tex/latex/tools/calc.sty
Package: calc 2007/08/22 v4.3 Infix arithmetic (KKT,FJ)
\calc@Acount=\count114
\calc@Bcount=\count115
\calc@Adimen=\dimen126
\calc@Bdimen=\dimen127
\calc@Askip=\skip49
\calc@Bskip=\skip50
LaTeX Info: Redefining \setlength on input line 75.
LaTeX Info: Redefining \addtolength on input line 76.
\calc@Ccount=\count116
\calc@Cskip=\skip51
)
(/usr/local/texlive/2014/texmf-dist/tex/latex/eso-pic/eso-pic.sty
Package: eso-pic 2013/10/06 v2.0d eso-pic (RN)

(/usr/local/texlive/2014/texmf-dist/tex/latex/xcolor/xcolor.sty
Package: xcolor 2007/01/21 v2.11 LaTeX color extensions (UK)

(/usr/local/texlive/2014/texmf-dist/tex/latex/latexconfig/color.cfg
File: color.cfg 2007/01/18 v1.5 color configuration of teTeX/TeXLive
)
Package xcolor Info: Driver file: pdftex.def on input line 225.
Package xcolor Info: Model `cmy' substituted by `cmy0' on input line 1337.
Package xcolor Info: Model `hsb' substituted by `rgb' on input line 1341.
Package xcolor Info: Model `RGB' extended on input line 1353.
Package xcolor Info: Model `HTML' substituted by `rgb' on input line 1355.
Package xcolor Info: Model `Hsb' substituted by `hsb' on input line 1356.
Package xcolor Info: Model `tHsb' substituted by `hsb' on input line 1357.
Package xcolor Info: Model `HSB' substituted by `hsb' on input line 1358.
Package xcolor Info: Model `Gray' substituted by `gray' on input line 1359.
Package xcolor Info: Model `wave' substituted by `hsb' on input line 1360.
))
(/usr/local/texlive/2014/texmf-dist/tex/latex/pdfpages/pppdftex.def
File: pppdftex.def 2013/08/25 v0.4v Pdfpages driver for pdfTeX (AM)
)
\AM@pagebox=\box28
\AM@toc@title=\toks22
\c@AM@survey=\count117
\AM@templatesizebox=\box29
)
(/Users/eliasriederalt/CloudStation/MsssM/Elias-und-Mario/doc/latex/.texpadtmp/
reportTemplate.aux)
\openout1 = `reportTemplate.aux'.

LaTeX Font Info:    Checking defaults for OML/cmm/m/it on input line 19.
LaTeX Font Info:    ... okay on input line 19.
LaTeX Font Info:    Checking defaults for T1/cmr/m/n on input line 19.
LaTeX Font Info:    ... okay on input line 19.
LaTeX Font Info:    Checking defaults for OT1/cmr/m/n on input line 19.
LaTeX Font Info:    ... okay on input line 19.
LaTeX Font Info:    Checking defaults for OMS/cmsy/m/n on input line 19.
LaTeX Font Info:    ... okay on input line 19.
LaTeX Font Info:    Checking defaults for OMX/cmex/m/n on input line 19.
LaTeX Font Info:    ... okay on input line 19.
LaTeX Font Info:    Checking defaults for U/cmr/m/n on input line 19.
LaTeX Font Info:    ... okay on input line 19.
LaTeX Font Info:    Checking defaults for PD1/pdf/m/n on input line 19.
LaTeX Font Info:    ... okay on input line 19.

*geometry* driver: auto-detecting
*geometry* detected driver: pdftex
*geometry* verbose mode - [ preamble ] result:
* driver: pdftex
* paper: letterpaper
* layout: <same size as paper>
* layoutoffset:(h,v)=(0.0pt,0.0pt)
* modes: 
* h-part:(L,W,R)=(92.14519pt, 430.00462pt, 92.14519pt)
* v-part:(T,H,B)=(95.39737pt, 556.47656pt, 143.09605pt)
* \paperwidth=614.295pt
* \paperheight=794.96999pt
* \textwidth=430.00462pt
* \textheight=556.47656pt
* \oddsidemargin=19.8752pt
* \evensidemargin=19.8752pt
* \topmargin=-13.87262pt
* \headheight=12.0pt
* \headsep=25.0pt
* \topskip=11.0pt
* \footskip=30.0pt
* \marginparwidth=59.0pt
* \marginparsep=10.0pt
* \columnsep=10.0pt
* \skip\footins=10.0pt plus 4.0pt minus 2.0pt
* \hoffset=0.0pt
* \voffset=0.0pt
* \mag=1000
* \@twocolumnfalse
* \@twosidefalse
* \@mparswitchfalse
* \@reversemarginfalse
* (1in=72.27pt=25.4mm, 1cm=28.453pt)

(/usr/local/texlive/2014/texmf-dist/tex/context/base/supp-pdf.mkii
[Loading MPS to PDF converter (version 2006.09.02).]
\scratchcounter=\count118
\scratchdimen=\dimen128
\scratchbox=\box30
\nofMPsegments=\count119
\nofMParguments=\count120
\everyMPshowfont=\toks23
\MPscratchCnt=\count121
\MPscratchDim=\dimen129
\MPnumerator=\count122
\makeMPintoPDFobject=\count123
\everyMPtoPDFconversion=\toks24
)
\AtBeginShipoutBox=\box31
Package hyperref Info: Link coloring OFF on input line 19.
 (/usr/local/texlive/2014/texmf-dist/tex/latex/hyperref/nameref.sty
Package: nameref 2012/10/27 v2.43 Cross-referencing by name of section

(/usr/local/texlive/2014/texmf-dist/tex/generic/oberdiek/gettitlestring.sty
Package: gettitlestring 2010/12/03 v1.4 Cleanup title references (HO)
)
\c@section@level=\count124
)
LaTeX Info: Redefining \ref on input line 19.
LaTeX Info: Redefining \pageref on input line 19.
LaTeX Info: Redefining \nameref on input line 19.

(/Users/eliasriederalt/CloudStation/MsssM/Elias-und-Mario/doc/latex/.texpadtmp/
reportTemplate.out)
(/Users/eliasriederalt/CloudStation/MsssM/Elias-und-Mario/doc/latex/.texpadtmp/
reportTemplate.out)
\@outlinefile=\write3
\openout3 = `reportTemplate.out'.

 (./cover.tex
Package epstopdf Info: Source file: <ETHlogo.eps>
(epstopdf)                    date: 2014-12-03 13:14:39
(epstopdf)                    size: 179075 bytes
(epstopdf)             Output file: <ETHlogo-eps-converted-to.pdf>
(epstopdf)                    date: 2014-12-03 13:14:39
(epstopdf)                    size: 14362 bytes
(epstopdf)             Command: <repstopdf --outfile=ETHlogo-eps-converted-to.p
df ETHlogo.eps>
(epstopdf)             \includegraphics on input line 5.
Package epstopdf Info: Output file is already uptodate.

<ETHlogo-eps-converted-to.pdf, id=100, 179.67125pt x 45.16875pt>
File: ETHlogo-eps-converted-to.pdf Graphic file (type pdf)

<use ETHlogo-eps-converted-to.pdf>
Package pdftex.def Info: ETHlogo-eps-converted-to.pdf used on input line 5.
(pdftex.def)             Requested size: 142.26378pt x 35.76698pt.
LaTeX Font Info:    Try loading font information for U+msa on input line 34.

(/usr/local/texlive/2014/texmf-dist/tex/latex/amsfonts/umsa.fd
File: umsa.fd 2013/01/14 v3.01 AMS symbols A
)
LaTeX Font Info:    Try loading font information for U+msb on input line 34.

(/usr/local/texlive/2014/texmf-dist/tex/latex/amsfonts/umsb.fd
File: umsb.fd 2013/01/14 v3.01 AMS symbols B
)) [1

{/usr/local/texlive/2014/texmf-var/fonts/map/pdftex/updmap/pdftex.map} <./ETHlo
go-eps-converted-to.pdf>] <agreement_download.png, id=111, 614.65636pt x 1011.7
8pt>
File: agreement_download.png Graphic file (type png)

<use agreement_download.png>
Package pdftex.def Info: agreement_download.png used on input line 29.
(pdftex.def)             Requested size: 430.25652pt x 708.24118pt.

Overfull \hbox (17.25189pt too wide) in paragraph at lines 29--30
[][] 
 []


Overfull \vbox (151.76462pt too high) has occurred while \output is active []


[2 <./agreement_download.png>]
<plagiat_ETH.png, id=118, 614.65636pt x 1011.78pt>
File: plagiat_ETH.png Graphic file (type png)
 <use plagiat_ETH.png>
Package pdftex.def Info: plagiat_ETH.png used on input line 42.
(pdftex.def)             Requested size: 430.25652pt x 708.24118pt.

Overfull \hbox (17.25189pt too wide) in paragraph at lines 42--43
[][] 
 []


Overfull \vbox (151.76462pt too high) has occurred while \output is active []


[3 <./plagiat_ETH.png>]
(/Users/eliasriederalt/CloudStation/MsssM/Elias-und-Mario/doc/latex/.texpadtmp/
reportTemplate.toc)
\tf@toc=\write4
\openout4 = `reportTemplate.toc'.

 [4]
Underfull \hbox (badness 10000) in paragraph at lines 64--65

 []

[5]
Underfull \hbox (badness 10000) in paragraph at lines 98--99

 []


Underfull \hbox (badness 10000) in paragraph at lines 103--104

 []

<switzerland_network1.pdf, id=160, 597.23125pt x 845.1575pt>
File: switzerland_network1.pdf Graphic file (type pdf)

<use switzerland_network1.pdf>
Package pdftex.def Info: switzerland_network1.pdf used on input line 109.
(pdftex.def)             Requested size: 149.30743pt x 211.28885pt.
 <Map.png, id=161, 2576.62625pt x 1924.18875pt>
File: Map.png Graphic file (type png)

<use Map.png>
Package pdftex.def Info: Map.png used on input line 111.
(pdftex.def)             Requested size: 206.13431pt x 153.93825pt.
 [6] [7 <./switzerland_network1.pdf> <./Map.png>]
Underfull \hbox (badness 10000) in paragraph at lines 132--133

 []

[8] <switzerland_network2.jpg, id=188, 563.10374pt x 421.575pt>
File: switzerland_network2.jpg Graphic file (type jpg)

<use switzerland_network2.jpg>
Package pdftex.def Info: switzerland_network2.jpg used on input line 145.
(pdftex.def)             Requested size: 281.55118pt x 210.78697pt.
 [9 <./switzerland_network2.jpg>]
Overfull \hbox (34.69637pt too wide) in paragraph at lines 163--171
[][] 
 []


Underfull \hbox (badness 10000) in paragraph at lines 176--177

 []

[10] <compare1.png, id=200, 562.1pt x 421.575pt>
File: compare1.png Graphic file (type png)
 <use compare1.png>
Package pdftex.def Info: compare1.png used on input line 191.
(pdftex.def)             Requested size: 224.83601pt x 168.627pt.

<compare2.png, id=201, 562.1pt x 421.575pt>
File: compare2.png Graphic file (type png)
 <use compare2.png>
Package pdftex.def Info: compare2.png used on input line 192.
(pdftex.def)             Requested size: 224.83601pt x 168.627pt.

Overfull \hbox (22.10074pt too wide) in paragraph at lines 191--193
[][] [] 
 []

<fullConnedtedShortestNetworkDistanceChange.png, id=202, 562.1pt x 421.575pt>
File: fullConnedtedShortestNetworkDistanceChange.png Graphic file (type png)

<use fullConnedtedShortestNetworkDistanceChange.png>
Package pdftex.def Info: fullConnedtedShortestNetworkDistanceChange.png used on
 input line 214.
(pdftex.def)             Requested size: 224.83601pt x 168.627pt.

<connectedNetworkDistanceChange.png, id=203, 562.1pt x 421.575pt>
File: connectedNetworkDistanceChange.png Graphic file (type png)

<use connectedNetworkDistanceChange.png>
Package pdftex.def Info: connectedNetworkDistanceChange.png used on input line 
215.
(pdftex.def)             Requested size: 224.83601pt x 168.627pt.

Overfull \hbox (22.10074pt too wide) in paragraph at lines 214--216
[][] [] 
 []

[11 <./compare1.png (PNG copy)> <./compare2.png (PNG copy)>] [12 <./fullConnedt
edShortestNetworkDistanceChange.png (PNG copy)> <./connectedNetworkDistanceChan
ge.png (PNG copy)>]
Underfull \hbox (badness 10000) in paragraph at lines 233--234

 []


Underfull \hbox (badness 10000) in paragraph at lines 241--242

 []

[13]
Underfull \hbox (badness 10000) in paragraph at lines 259--260

 []


Underfull \hbox (badness 10000) in paragraph at lines 260--261

 []

Missing character: There is no Ã in font cmtt10!
Missing character: There is no ¤ in font cmtt10!

Underfull \hbox (badness 10000) in paragraph at lines 261--262

 []


Overfull \hbox (13.49767pt too wide) in paragraph at lines 262--263
[]\OT1/cmr/m/n/10.95 Important Train Nodes []$\OT1/cmtt/m/n/10.95 http : / / de
 . wikipedia . org / wiki / Eisenbahnknoten / #Schweiz$[] 
 []


Underfull \hbox (badness 10000) in paragraph at lines 262--263

 []


Underfull \hbox (badness 10000) in paragraph at lines 263--264

 []


Underfull \hbox (badness 10000) in paragraph at lines 265--266

 []

Missing character: There is no Ã in font cmr10!
Missing character: There is no ¤ in font cmr10!

Underfull \hbox (badness 10000) in paragraph at lines 266--267

 []


Underfull \hbox (badness 10000) in paragraph at lines 270--271

 []


Underfull \hbox (badness 10000) in paragraph at lines 272--275

 []


Underfull \hbox (badness 10000) in paragraph at lines 275--278

 []


Underfull \hbox (badness 10000) in paragraph at lines 278--282

 []


Underfull \hbox (badness 10000) in paragraph at lines 283--284

 []


Underfull \hbox (badness 10000) in paragraph at lines 285--286

 []

[14]
Underfull \hbox (badness 10000) in paragraph at lines 286--287

 []


Underfull \hbox (badness 10000) in paragraph at lines 287--288

 []


Underfull \hbox (badness 10000) in paragraph at lines 289--290

 []

[15] <HVZ_Reporting_Auslastung.pdf, id=236, 845.0762pt x 597.55246pt>
File: HVZ_Reporting_Auslastung.pdf Graphic file (type pdf)

<use HVZ_Reporting_Auslastung.pdf>
Package pdftex.def Info: HVZ_Reporting_Auslastung.pdf used on input line 302.
(pdftex.def)             Requested size: 845.07414pt x 597.551pt.
File: HVZ_Reporting_Auslastung.pdf Graphic file (type pdf)
 <use HVZ_Reporting_Auslastung.pdf>
Package pdftex.def Info: HVZ_Reporting_Auslastung.pdf used on input line 302.
(pdftex.def)             Requested size: 845.07414pt x 597.551pt.

<HVZ_Reporting_Auslastung.pdf, id=239, page=1, 845.0762pt x 597.55246pt>
File: HVZ_Reporting_Auslastung.pdf Graphic file (type pdf)

<use HVZ_Reporting_Auslastung.pdf, page 1>
Package pdftex.def Info: HVZ_Reporting_Auslastung.pdf, page1 used on input line
 302.
(pdftex.def)             Requested size: 845.07414pt x 597.551pt.
File: HVZ_Reporting_Auslastung.pdf Graphic file (type pdf)

<use HVZ_Reporting_Auslastung.pdf, page 1>
Package pdftex.def Info: HVZ_Reporting_Auslastung.pdf, page1 used on input line
 302.
(pdftex.def)             Requested size: 676.06189pt x 478.04262pt.
File: HVZ_Reporting_Auslastung.pdf Graphic file (type pdf)

<use HVZ_Reporting_Auslastung.pdf, page 1>
Package pdftex.def Info: HVZ_Reporting_Auslastung.pdf, page1 used on input line
 302.
(pdftex.def)             Requested size: 676.06189pt x 478.04262pt.
File: HVZ_Reporting_Auslastung.pdf Graphic file (type pdf)

<use HVZ_Reporting_Auslastung.pdf, page 1>
Package pdftex.def Info: HVZ_Reporting_Auslastung.pdf, page1 used on input line
 302.
(pdftex.def)             Requested size: 676.06189pt x 478.04262pt.
File: HVZ_Reporting_Auslastung.pdf Graphic file (type pdf)

<use HVZ_Reporting_Auslastung.pdf, page 1>
Package pdftex.def Info: HVZ_Reporting_Auslastung.pdf, page1 used on input line
 304.
(pdftex.def)             Requested size: 676.06189pt x 478.04262pt.
 [16 <./HVZ_Reporting_Auslastung.pdf>] <Answers_SBB_(English_translated).pdf, i
d=254, 597.23125pt x 845.1575pt>
File: Answers_SBB_(English_translated).pdf Graphic file (type pdf)

<use Answers_SBB_(English_translated).pdf>
Package pdftex.def Info: Answers_SBB_(English_translated).pdf used on input lin
e 307.
(pdftex.def)             Requested size: 597.22978pt x 845.15544pt.
File: Answers_SBB_(English_translated).pdf Graphic file (type pdf)

<use Answers_SBB_(English_translated).pdf>
Package pdftex.def Info: Answers_SBB_(English_translated).pdf used on input lin
e 307.
(pdftex.def)             Requested size: 597.22978pt x 845.15544pt.

<Answers_SBB_(English_translated).pdf, id=257, page=1, 597.23125pt x 845.1575pt
>
File: Answers_SBB_(English_translated).pdf Graphic file (type pdf)
 <use Answers_SBB_(English_translated).pdf, page 1>
Package pdftex.def Info: Answers_SBB_(English_translated).pdf, page1 used on in
put line 307.
(pdftex.def)             Requested size: 597.22978pt x 845.15544pt.
File: Answers_SBB_(English_translated).pdf Graphic file (type pdf)

<use Answers_SBB_(English_translated).pdf, page 1>
Package pdftex.def Info: Answers_SBB_(English_translated).pdf, page1 used on in
put line 307.
(pdftex.def)             Requested size: 477.78564pt x 676.12692pt.
File: Answers_SBB_(English_translated).pdf Graphic file (type pdf)

<use Answers_SBB_(English_translated).pdf, page 1>
Package pdftex.def Info: Answers_SBB_(English_translated).pdf, page1 used on in
put line 307.
(pdftex.def)             Requested size: 477.78564pt x 676.12692pt.
File: Answers_SBB_(English_translated).pdf Graphic file (type pdf)

<use Answers_SBB_(English_translated).pdf, page 1>
Package pdftex.def Info: Answers_SBB_(English_translated).pdf, page1 used on in
put line 307.
(pdftex.def)             Requested size: 477.78564pt x 676.12692pt.
File: Answers_SBB_(English_translated).pdf Graphic file (type pdf)

<use Answers_SBB_(English_translated).pdf, page 1>
Package pdftex.def Info: Answers_SBB_(English_translated).pdf, page1 used on in
put line 310.
(pdftex.def)             Requested size: 477.78564pt x 676.12692pt.
 [17 <./Answers_SBB_(English_translated).pdf>] <BoardingFF.pdf, id=299, 845.157
5pt x 597.23125pt>
File: BoardingFF.pdf Graphic file (type pdf)

<use BoardingFF.pdf>
Package pdftex.def Info: BoardingFF.pdf used on input line 315.
(pdftex.def)             Requested size: 845.15544pt x 597.22978pt.
File: BoardingFF.pdf Graphic file (type pdf)
 <use BoardingFF.pdf>
Package pdftex.def Info: BoardingFF.pdf used on input line 315.
(pdftex.def)             Requested size: 845.15544pt x 597.22978pt.

<BoardingFF.pdf, id=302, page=1, 845.1575pt x 597.23125pt>
File: BoardingFF.pdf Graphic file (type pdf)

<use BoardingFF.pdf, page 1>
Package pdftex.def Info: BoardingFF.pdf, page1 used on input line 315.
(pdftex.def)             Requested size: 845.15544pt x 597.22978pt.
File: BoardingFF.pdf Graphic file (type pdf)
 <use BoardingFF.pdf, page 1>
Package pdftex.def Info: BoardingFF.pdf, page1 used on input line 315.
(pdftex.def)             Requested size: 676.12692pt x 477.78564pt.
File: BoardingFF.pdf Graphic file (type pdf)

<use BoardingFF.pdf, page 1>
Package pdftex.def Info: BoardingFF.pdf, page1 used on input line 315.
(pdftex.def)             Requested size: 676.12692pt x 477.78564pt.
File: BoardingFF.pdf Graphic file (type pdf)
 <use BoardingFF.pdf, page 1>
Package pdftex.def Info: BoardingFF.pdf, page1 used on input line 315.
(pdftex.def)             Requested size: 676.12692pt x 477.78564pt.
Package atveryend Info: Empty hook `BeforeClearDocument' on input line 319.
File: BoardingFF.pdf Graphic file (type pdf)

<use BoardingFF.pdf, page 1>
Package pdftex.def Info: BoardingFF.pdf, page1 used on input line 319.
(pdftex.def)             Requested size: 676.12692pt x 477.78564pt.
 [18 <./BoardingFF.pdf>]
Package atveryend Info: Empty hook `AfterLastShipout' on input line 319.

(/Users/eliasriederalt/CloudStation/MsssM/Elias-und-Mario/doc/latex/.texpadtmp/
reportTemplate.aux)
Package atveryend Info: Executing hook `AtVeryEndDocument' on input line 319.
Package atveryend Info: Executing hook `AtEndAfterFileList' on input line 319.
Package rerunfilecheck Info: File `reportTemplate.out' has not changed.
(rerunfilecheck)             Checksum: 4117AFDEC750B1D65D56B07DE9D4EF4D;1436.
Package atveryend Info: Empty hook `AtVeryVeryEnd' on input line 319.
 ) 
Here is how much of TeX's memory you used:
 7989 strings out of 493117
 116559 string characters out of 6135433
 216336 words of memory out of 5000000
 11274 multiletter control sequences out of 15000+600000
 12587 words of font info for 49 fonts, out of 8000000 for 9000
 1141 hyphenation exceptions out of 8191
 42i,19n,44p,1108b,389s stack positions out of 5000i,500n,10000p,200000b,80000s
</usr/local/texlive/2014/texmf-dist/fonts/type1/public/amsfonts/cm/cmbx10.pfb
></usr/local/texlive/2014/texmf-dist/fonts/type1/public/amsfonts/cm/cmbx12.pfb>
</usr/local/texlive/2014/texmf-dist/fonts/type1/public/amsfonts/cm/cmmi10.pfb><
/usr/local/texlive/2014/texmf-dist/fonts/type1/public/amsfonts/cm/cmmi8.pfb></u
sr/local/texlive/2014/texmf-dist/fonts/type1/public/amsfonts/cm/cmr10.pfb></usr
/local/texlive/2014/texmf-dist/fonts/type1/public/amsfonts/cm/cmr17.pfb></usr/l
ocal/texlive/2014/texmf-dist/fonts/type1/public/amsfonts/cm/cmr6.pfb></usr/loca
l/texlive/2014/texmf-dist/fonts/type1/public/amsfonts/cm/cmr8.pfb></usr/local/t
exlive/2014/texmf-dist/fonts/type1/public/amsfonts/cm/cmsy10.pfb></usr/local/te
xlive/2014/texmf-dist/fonts/type1/public/amsfonts/cm/cmsy8.pfb></usr/local/texl
ive/2014/texmf-dist/fonts/type1/public/amsfonts/cm/cmtt10.pfb>
Output written on /Users/eliasriederalt/CloudStation/MsssM/Elias-und-Mario/doc/
latex/.texpadtmp/reportTemplate.pdf (18 pages, 55807769 bytes).
PDF statistics:
 369 PDF objects out of 1000 (max. 8388607)
 294 compressed objects within 3 object streams
 49 named destinations out of 1000 (max. 500000)
 303 words of extra memory for PDF output out of 10000 (max. 10000000)

